[     300ms] [WARNING] AdSense head tag doesn't support data-nscript attribute. @ https://pagead2.googlesyndication.com/pagead/js/adsbygoogle.js?client=ca-pub-2341088840043176:224
[     384ms] [WARNING] You don't have permission to use DEVTOOL!【type = 6】 @ https://flasharch.com/_next/static/chunks/2331-c835b7d419ea6655.js:0
[     384ms] [WARNING] Scripts may close only the windows that were opened by them. @ https://flasharch.com/_next/static/chunks/2331-c835b7d419ea6655.js:0
[     400ms] [WARNING] You don't have permission to use DEVTOOL!【type = 6】 @ https://flasharch.com/_next/static/chunks/2331-c835b7d419ea6655.js:0
[     401ms] [WARNING] Scripts may close only the windows that were opened by them. @ https://flasharch.com/_next/static/chunks/2331-c835b7d419ea6655.js:0
[     417ms] [WARNING] You don't have permission to use DEVTOOL!【type = 6】 @ https://flasharch.com/_next/static/chunks/2331-c835b7d419ea6655.js:0
[     417ms] [WARNING] Scripts may close only the windows that were opened by them. @ https://flasharch.com/_next/static/chunks/2331-c835b7d419ea6655.js:0
[     431ms] [WARNING] You don't have permission to use DEVTOOL!【type = 6】 @ https://flasharch.com/_next/static/chunks/2331-c835b7d419ea6655.js:0
[     432ms] [WARNING] Scripts may close only the windows that were opened by them. @ https://flasharch.com/_next/static/chunks/2331-c835b7d419ea6655.js:0
[   90103ms] [WARNING] AdSense head tag doesn't support data-nscript attribute. @ https://pagead2.googlesyndication.com/pagead/js/adsbygoogle.js?client=ca-pub-2341088840043176:224
[   90184ms] [WARNING] You don't have permission to use DEVTOOL!【type = 6】 @ https://flasharch.com/_next/static/chunks/2331-c835b7d419ea6655.js:0
[   90197ms] [WARNING] You don't have permission to use DEVTOOL!【type = 6】 @ https://flasharch.com/_next/static/chunks/2331-c835b7d419ea6655.js:0
[   90211ms] [WARNING] You don't have permission to use DEVTOOL!【type = 6】 @ https://flasharch.com/_next/static/chunks/2331-c835b7d419ea6655.js:0
[   90225ms] [WARNING] You don't have permission to use DEVTOOL!【type = 6】 @ https://flasharch.com/_next/static/chunks/2331-c835b7d419ea6655.js:0
[   90244ms] [WARNING] You don't have permission to use DEVTOOL!【type = 6】 @ https://flasharch.com/_next/static/chunks/2331-c835b7d419ea6655.js:0
[   90263ms] [WARNING] You don't have permission to use DEVTOOL!【type = 6】 @ https://flasharch.com/_next/static/chunks/2331-c835b7d419ea6655.js:0
[   90286ms] [WARNING] You don't have permission to use DEVTOOL!【type = 6】 @ https://flasharch.com/_next/static/chunks/2331-c835b7d419ea6655.js:0
[   90323ms] [WARNING] You don't have permission to use DEVTOOL!【type = 6】 @ https://flasharch.com/_next/static/chunks/2331-c835b7d419ea6655.js:0
[   90343ms] [WARNING] You don't have permission to use DEVTOOL!【type = 6】 @ https://flasharch.com/_next/static/chunks/2331-c835b7d419ea6655.js:0
[   90625ms] Error: Minified React error #418; visit https://react.dev/errors/418?args[]=HTML&args[]= for the full message or use the non-minified dev environment for full errors and additional helpful warnings.
    at rX (https://flasharch.com/_next/static/chunks/4bd1b696-30d79fd60590bb0b.js:1:36658)
    at is (https://flasharch.com/_next/static/chunks/4bd1b696-30d79fd60590bb0b.js:1:87559)
    at sp (https://flasharch.com/_next/static/chunks/4bd1b696-30d79fd60590bb0b.js:1:128030)
    at https://flasharch.com/_next/static/chunks/4bd1b696-30d79fd60590bb0b.js:1:127875
    at sd (https://flasharch.com/_next/static/chunks/4bd1b696-30d79fd60590bb0b.js:1:127883)
    at sn (https://flasharch.com/_next/static/chunks/4bd1b696-30d79fd60590bb0b.js:1:123559)
    at sQ (https://flasharch.com/_next/static/chunks/4bd1b696-30d79fd60590bb0b.js:1:149409)
    at MessagePort.M (https://flasharch.com/_next/static/chunks/3332-d2db8f014a1a1ef9.js:1:5855)
[   90400ms] [WARNING] You don't have permission to use DEVTOOL!【type = 6】 @ https://flasharch.com/_next/static/chunks/2331-c835b7d419ea6655.js:0
[   90426ms] [WARNING] You don't have permission to use DEVTOOL!【type = 6】 @ https://flasharch.com/_next/static/chunks/2331-c835b7d419ea6655.js:0
[   90451ms] [WARNING] You don't have permission to use DEVTOOL!【type = 6】 @ https://flasharch.com/_next/static/chunks/2331-c835b7d419ea6655.js:0
[   90475ms] [WARNING] You don't have permission to use DEVTOOL!【type = 6】 @ https://flasharch.com/_next/static/chunks/2331-c835b7d419ea6655.js:0
[   90498ms] [WARNING] You don't have permission to use DEVTOOL!【type = 6】 @ https://flasharch.com/_next/static/chunks/2331-c835b7d419ea6655.js:0
[   90523ms] [WARNING] You don't have permission to use DEVTOOL!【type = 6】 @ https://flasharch.com/_next/static/chunks/2331-c835b7d419ea6655.js:0
[   90547ms] [WARNING] You don't have permission to use DEVTOOL!【type = 6】 @ https://flasharch.com/_next/static/chunks/2331-c835b7d419ea6655.js:0
[   90572ms] [WARNING] You don't have permission to use DEVTOOL!【type = 6】 @ https://flasharch.com/_next/static/chunks/2331-c835b7d419ea6655.js:0
[   90596ms] [WARNING] You don't have permission to use DEVTOOL!【type = 6】 @ https://flasharch.com/_next/static/chunks/2331-c835b7d419ea6655.js:0
[   90620ms] [WARNING] You don't have permission to use DEVTOOL!【type = 6】 @ https://flasharch.com/_next/static/chunks/2331-c835b7d419ea6655.js:0
