[     461ms] [WARNING] AdSense head tag doesn't support data-nscript attribute. @ https://pagead2.googlesyndication.com/pagead/js/adsbygoogle.js?client=ca-pub-2341088840043176:224
[     608ms] [WARNING] You don't have permission to use DEVTOOL!【type = 6】 @ https://flasharch.com/_next/static/chunks/2331-c835b7d419ea6655.js:0
[     624ms] [WARNING] You don't have permission to use DEVTOOL!【type = 6】 @ https://flasharch.com/_next/static/chunks/2331-c835b7d419ea6655.js:0
[     654ms] [WARNING] You don't have permission to use DEVTOOL!【type = 6】 @ https://flasharch.com/_next/static/chunks/2331-c835b7d419ea6655.js:0
[     669ms] [WARNING] You don't have permission to use DEVTOOL!【type = 6】 @ https://flasharch.com/_next/static/chunks/2331-c835b7d419ea6655.js:0
[     687ms] [WARNING] You don't have permission to use DEVTOOL!【type = 6】 @ https://flasharch.com/_next/static/chunks/2331-c835b7d419ea6655.js:0
[     709ms] [WARNING] You don't have permission to use DEVTOOL!【type = 6】 @ https://flasharch.com/_next/static/chunks/2331-c835b7d419ea6655.js:0
[     728ms] [WARNING] You don't have permission to use DEVTOOL!【type = 6】 @ https://flasharch.com/_next/static/chunks/2331-c835b7d419ea6655.js:0
[     746ms] [WARNING] You don't have permission to use DEVTOOL!【type = 6】 @ https://flasharch.com/_next/static/chunks/2331-c835b7d419ea6655.js:0
[     768ms] [WARNING] You don't have permission to use DEVTOOL!【type = 6】 @ https://flasharch.com/_next/static/chunks/2331-c835b7d419ea6655.js:0
[     786ms] [WARNING] You don't have permission to use DEVTOOL!【type = 6】 @ https://flasharch.com/_next/static/chunks/2331-c835b7d419ea6655.js:0
[     804ms] [WARNING] You don't have permission to use DEVTOOL!【type = 6】 @ https://flasharch.com/_next/static/chunks/2331-c835b7d419ea6655.js:0
[     822ms] [WARNING] You don't have permission to use DEVTOOL!【type = 6】 @ https://flasharch.com/_next/static/chunks/2331-c835b7d419ea6655.js:0
[     842ms] [WARNING] You don't have permission to use DEVTOOL!【type = 6】 @ https://flasharch.com/_next/static/chunks/2331-c835b7d419ea6655.js:0
[    1067ms] Error: Minified React error #418; visit https://react.dev/errors/418?args[]=HTML&args[]= for the full message or use the non-minified dev environment for full errors and additional helpful warnings.
    at rX (https://flasharch.com/_next/static/chunks/4bd1b696-30d79fd60590bb0b.js:1:36658)
    at is (https://flasharch.com/_next/static/chunks/4bd1b696-30d79fd60590bb0b.js:1:87559)
    at sp (https://flasharch.com/_next/static/chunks/4bd1b696-30d79fd60590bb0b.js:1:128030)
    at https://flasharch.com/_next/static/chunks/4bd1b696-30d79fd60590bb0b.js:1:127875
    at sd (https://flasharch.com/_next/static/chunks/4bd1b696-30d79fd60590bb0b.js:1:127883)
    at sn (https://flasharch.com/_next/static/chunks/4bd1b696-30d79fd60590bb0b.js:1:123559)
    at sQ (https://flasharch.com/_next/static/chunks/4bd1b696-30d79fd60590bb0b.js:1:149409)
    at MessagePort.M (https://flasharch.com/_next/static/chunks/3332-d2db8f014a1a1ef9.js:1:5855)
[     929ms] [WARNING] You don't have permission to use DEVTOOL!【type = 6】 @ https://flasharch.com/_next/static/chunks/2331-c835b7d419ea6655.js:0
[     954ms] [WARNING] You don't have permission to use DEVTOOL!【type = 6】 @ https://flasharch.com/_next/static/chunks/2331-c835b7d419ea6655.js:0
[     981ms] [WARNING] You don't have permission to use DEVTOOL!【type = 6】 @ https://flasharch.com/_next/static/chunks/2331-c835b7d419ea6655.js:0
